<?xml version="1.0" encoding="UTF-8"?>
<!-- Generated by org.testng.reporters.JUnitXMLReporter -->
<testsuite ignored="0" hostname="DESKTOP-JELCRE3" failures="1" tests="2" name="Test" time="6.6" errors="0" timestamp="2024-07-16T15:21:53 IST">
  <testcase classname="testCases.TC001_Parabank_Register" name="registration" time="5.403">
    <failure type="java.lang.AssertionError" message="expected [true] but found [false]">
      <![CDATA[java.lang.AssertionError: expected [true] but found [false]
at testCases.TC001_Parabank_Register.registration(TC001_Parabank_Register.java:29)
at java.base/java.util.ArrayList.forEach(ArrayList.java:1511)
... Removed 31 stack frames]]>
    </failure>
  </testcase> <!-- registration -->
  <testcase classname="testCases.TC001_Parabank_Register" name="registration" time="0.007"/>
</testsuite> <!-- Test -->
